# JRE version: OpenJDK Runtime Environment Microsoft-8035246 (17.0.8+7) (build 17.0.8+7-LTS)
# Java VM: OpenJDK 64-Bit Server VM Microsoft-8035246 (17.0.8+7-LTS, mixed mode, sharing, tiered, compressed oops, compressed class ptrs, g1 gc, windows-amd64)
GC Precious Log:
 CPUs: 12 total, 12 available
 Memory: 32699M
 Large Page Support: Disabled
 NUMA Support: Disabled
 Compressed Oops: Enabled (32-bit)
 Heap Region Size: 1M
 Heap Min Capacity: 8M
 Heap Initial Capacity: 512M
 Heap Max Capacity: 2G
 Pre-touch: Disabled
 Parallel Workers: 10
 Concurrent Workers: 3
 Concurrent Refinement Workers: 10
 Periodic GC: Disabled
Heap:
 garbage-first heap   total 242688K, used 196477K [0x0000000080000000, 0x0000000100000000)
  region size 1024K, 53 young (54272K), 2 survivors (2048K)
 Metaspace       used 104557K, committed 105664K, reserved 557056K
  class space    used 14529K, committed 15040K, reserved 425984K
GC Heap History (20 events):
Event: 12.423 GC heap before
{Heap before GC invocations=29 (full 0):
 garbage-first heap   total 201728K, used 128450K [0x0000000080000000, 0x0000000100000000)
  region size 1024K, 21 young (21504K), 1 survivors (1024K)
 Metaspace       used 88051K, committed 88960K, reserved 557056K
  class space    used 12095K, committed 12544K, reserved 425984K
}
Event: 12.425 GC heap after
{Heap after GC invocations=30 (full 0):
 garbage-first heap   total 242688K, used 109270K [0x0000000080000000, 0x0000000100000000)
  region size 1024K, 2 young (2048K), 2 survivors (2048K)
 Metaspace       used 88051K, committed 88960K, reserved 557056K
  class space    used 12095K, committed 12544K, reserved 425984K
}
Event: 12.912 GC heap before
{Heap before GC invocations=30 (full 0):
 garbage-first heap   total 242688K, used 186070K [0x0000000080000000, 0x0000000100000000)
  region size 1024K, 75 young (76800K), 2 survivors (2048K)
 Metaspace       used 91622K, committed 92544K, reserved 557056K
  class space    used 12606K, committed 13056K, reserved 425984K
}
Event: 12.914 GC heap after
{Heap after GC invocations=31 (full 0):
 garbage-first heap   total 242688K, used 114877K [0x0000000080000000, 0x0000000100000000)
  region size 1024K, 5 young (5120K), 5 survivors (5120K)
 Metaspace       used 91622K, committed 92544K, reserved 557056K
  class space    used 12606K, committed 13056K, reserved 425984K
}
Event: 13.381 GC heap before
{Heap before GC invocations=31 (full 0):
 garbage-first heap   total 242688K, used 179389K [0x0000000080000000, 0x0000000100000000)
  region size 1024K, 69 young (70656K), 5 survivors (5120K)
 Metaspace       used 94795K, committed 95808K, reserved 557056K
  class space    used 13028K, committed 13504K, reserved 425984K
}
Event: 13.384 GC heap after
{Heap after GC invocations=32 (full 0):
 garbage-first heap   total 242688K, used 118188K [0x0000000080000000, 0x0000000100000000)
  region size 1024K, 8 young (8192K), 8 survivors (8192K)
 Metaspace       used 94795K, committed 95808K, reserved 557056K
  class space    used 13028K, committed 13504K, reserved 425984K
}
Event: 13.960 GC heap before
{Heap before GC invocations=33 (full 0):
 garbage-first heap   total 242688K, used 193964K [0x0000000080000000, 0x0000000100000000)
  region size 1024K, 81 young (82944K), 8 survivors (8192K)
 Metaspace       used 99505K, committed 100416K, reserved 557056K
  class space    used 13823K, committed 14272K, reserved 425984K
}
Event: 13.964 GC heap after
{Heap after GC invocations=34 (full 0):
 garbage-first heap   total 242688K, used 120034K [0x0000000080000000, 0x0000000100000000)
  region size 1024K, 6 young (6144K), 6 survivors (6144K)
 Metaspace       used 99505K, committed 100416K, reserved 557056K
  class space    used 13823K, committed 14272K, reserved 425984K
}
Event: 14.003 GC heap before
{Heap before GC invocations=34 (full 0):
 garbage-first heap   total 242688K, used 125154K [0x0000000080000000, 0x0000000100000000)
  region size 1024K, 11 young (11264K), 6 survivors (6144K)
 Metaspace       used 99695K, committed 100608K, reserved 557056K
  class space    used 13845K, committed 14272K, reserved 425984K
}
Event: 14.006 GC heap after
{Heap after GC invocations=35 (full 0):
 garbage-first heap   total 242688K, used 119748K [0x0000000080000000, 0x0000000100000000)
  region size 1024K, 1 young (1024K), 1 survivors (1024K)
 Metaspace       used 99695K, committed 100608K, reserved 557056K
  class space    used 13845K, committed 14272K, reserved 425984K
}
Event: 14.536 GC heap before
{Heap before GC invocations=35 (full 0):
 garbage-first heap   total 242688K, used 195524K [0x0000000080000000, 0x0000000100000000)
  region size 1024K, 76 young (77824K), 1 survivors (1024K)
 Metaspace       used 102575K, committed 103616K, reserved 557056K
  class space    used 14220K, committed 14720K, reserved 425984K
}
Event: 14.540 GC heap after
{Heap after GC invocations=36 (full 0):
 garbage-first heap   total 242688K, used 125290K [0x0000000080000000, 0x0000000100000000)
  region size 1024K, 7 young (7168K), 7 survivors (7168K)
 Metaspace       used 102575K, committed 103616K, reserved 557056K
  class space    used 14220K, committed 14720K, reserved 425984K
}
Event: 14.676 GC heap before
{Heap before GC invocations=36 (full 0):
 garbage-first heap   total 242688K, used 196970K [0x0000000080000000, 0x0000000100000000)
  region size 1024K, 78 young (79872K), 7 survivors (7168K)
 Metaspace       used 102585K, committed 103616K, reserved 557056K
  class space    used 14220K, committed 14720K, reserved 425984K
}
Event: 14.680 GC heap after
{Heap after GC invocations=37 (full 0):
 garbage-first heap   total 242688K, used 128521K [0x0000000080000000, 0x0000000100000000)
  region size 1024K, 5 young (5120K), 5 survivors (5120K)
 Metaspace       used 102585K, committed 103616K, reserved 557056K
  class space    used 14220K, committed 14720K, reserved 425984K
}
Event: 14.850 GC heap before
{Heap before GC invocations=37 (full 0):
 garbage-first heap   total 242688K, used 171529K [0x0000000080000000, 0x0000000100000000)
  region size 1024K, 49 young (50176K), 5 survivors (5120K)
 Metaspace       used 103064K, committed 104064K, reserved 557056K
  class space    used 14277K, committed 14720K, reserved 425984K
}
Event: 14.853 GC heap after
{Heap after GC invocations=38 (full 0):
 garbage-first heap   total 242688K, used 130470K [0x0000000080000000, 0x0000000100000000)
  region size 1024K, 7 young (7168K), 7 survivors (7168K)
 Metaspace       used 103064K, committed 104064K, reserved 557056K
  class space    used 14277K, committed 14720K, reserved 425984K
}
Event: 15.426 GC heap before
{Heap before GC invocations=39 (full 0):
 garbage-first heap   total 242688K, used 205222K [0x0000000080000000, 0x0000000100000000)
  region size 1024K, 75 young (76800K), 7 survivors (7168K)
 Metaspace       used 104549K, committed 105600K, reserved 557056K
  class space    used 14529K, committed 15040K, reserved 425984K
}
Event: 15.432 GC heap after
{Heap after GC invocations=40 (full 0):
 garbage-first heap   total 242688K, used 146671K [0x0000000080000000, 0x0000000100000000)
  region size 1024K, 10 young (10240K), 10 survivors (10240K)
 Metaspace       used 104549K, committed 105600K, reserved 557056K
  class space    used 14529K, committed 15040K, reserved 425984K
}
Event: 15.435 GC heap before
{Heap before GC invocations=40 (full 0):
 garbage-first heap   total 242688K, used 147695K [0x0000000080000000, 0x0000000100000000)
  region size 1024K, 11 young (11264K), 10 survivors (10240K)
 Metaspace       used 104549K, committed 105600K, reserved 557056K
  class space    used 14529K, committed 15040K, reserved 425984K
}
Event: 15.439 GC heap after
{Heap after GC invocations=41 (full 0):
 garbage-first heap   total 242688K, used 146301K [0x0000000080000000, 0x0000000100000000)
  region size 1024K, 2 young (2048K), 2 survivors (2048K)
 Metaspace       used 104549K, committed 105600K, reserved 557056K
  class space    used 14529K, committed 15040K, reserved 425984K
}

