# JRE version: OpenJDK Runtime Environment Microsoft-8035246 (17.0.8+7) (build 17.0.8+7-LTS)
# Java VM: OpenJDK 64-Bit Server VM Microsoft-8035246 (17.0.8+7-LTS, mixed mode, sharing, tiered, compressed oops, compressed class ptrs, g1 gc, windows-amd64)
GC Precious Log:
 CPUs: 12 total, 12 available
 Memory: 32699M
 Large Page Support: Disabled
 NUMA Support: Disabled
 Compressed Oops: Enabled (32-bit)
 Heap Region Size: 1M
 Heap Min Capacity: 8M
 Heap Initial Capacity: 512M
 Heap Max Capacity: 2G
 Pre-touch: Disabled
 Parallel Workers: 10
 Concurrent Workers: 3
 Concurrent Refinement Workers: 10
 Periodic GC: Disabled
Heap:
 garbage-first heap   total 243712K, used 162437K [0x0000000080000000, 0x0000000100000000)
  region size 1024K, 18 young (18432K), 4 survivors (4096K)
 Metaspace       used 104762K, committed 105728K, reserved 557056K
  class space    used 14540K, committed 14976K, reserved 425984K
GC Heap History (20 events):
Event: 17.631 GC heap before
{Heap before GC invocations=34 (full 0):
 garbage-first heap   total 176128K, used 150674K [0x0000000080000000, 0x0000000100000000)
  region size 1024K, 37 young (37888K), 3 survivors (3072K)
 Metaspace       used 97850K, committed 98752K, reserved 557056K
  class space    used 13599K, committed 14016K, reserved 425984K
}
Event: 17.634 GC heap after
{Heap after GC invocations=35 (full 0):
 garbage-first heap   total 176128K, used 116860K [0x0000000080000000, 0x0000000100000000)
  region size 1024K, 4 young (4096K), 4 survivors (4096K)
 Metaspace       used 97850K, committed 98752K, reserved 557056K
  class space    used 13599K, committed 14016K, reserved 425984K
}
Event: 17.956 GC heap before
{Heap before GC invocations=35 (full 0):
 garbage-first heap   total 176128K, used 151676K [0x0000000080000000, 0x0000000100000000)
  region size 1024K, 38 young (38912K), 4 survivors (4096K)
 Metaspace       used 100018K, committed 100992K, reserved 557056K
  class space    used 13873K, committed 14336K, reserved 425984K
}
Event: 17.959 GC heap after
{Heap after GC invocations=36 (full 0):
 garbage-first heap   total 176128K, used 117765K [0x0000000080000000, 0x0000000100000000)
  region size 1024K, 3 young (3072K), 3 survivors (3072K)
 Metaspace       used 100018K, committed 100992K, reserved 557056K
  class space    used 13873K, committed 14336K, reserved 425984K
}
Event: 18.206 GC heap before
{Heap before GC invocations=36 (full 0):
 garbage-first heap   total 176128K, used 151557K [0x0000000080000000, 0x0000000100000000)
  region size 1024K, 36 young (36864K), 3 survivors (3072K)
 Metaspace       used 102060K, committed 103040K, reserved 557056K
  class space    used 14162K, committed 14592K, reserved 425984K
}
Event: 18.209 GC heap after
{Heap after GC invocations=37 (full 0):
 garbage-first heap   total 176128K, used 119402K [0x0000000080000000, 0x0000000100000000)
  region size 1024K, 4 young (4096K), 4 survivors (4096K)
 Metaspace       used 102060K, committed 103040K, reserved 557056K
  class space    used 14162K, committed 14592K, reserved 425984K
}
Event: 18.528 GC heap before
{Heap before GC invocations=37 (full 0):
 garbage-first heap   total 176128K, used 151146K [0x0000000080000000, 0x0000000100000000)
  region size 1024K, 35 young (35840K), 4 survivors (4096K)
 Metaspace       used 102734K, committed 103680K, reserved 557056K
  class space    used 14231K, committed 14656K, reserved 425984K
}
Event: 18.532 GC heap after
{Heap after GC invocations=38 (full 0):
 garbage-first heap   total 176128K, used 123070K [0x0000000080000000, 0x0000000100000000)
  region size 1024K, 5 young (5120K), 5 survivors (5120K)
 Metaspace       used 102734K, committed 103680K, reserved 557056K
  class space    used 14231K, committed 14656K, reserved 425984K
}
Event: 18.594 GC heap before
{Heap before GC invocations=38 (full 0):
 garbage-first heap   total 176128K, used 148670K [0x0000000080000000, 0x0000000100000000)
  region size 1024K, 31 young (31744K), 5 survivors (5120K)
 Metaspace       used 102754K, committed 103680K, reserved 557056K
  class space    used 14231K, committed 14656K, reserved 425984K
}
Event: 18.598 GC heap after
{Heap after GC invocations=39 (full 0):
 garbage-first heap   total 176128K, used 125617K [0x0000000080000000, 0x0000000100000000)
  region size 1024K, 4 young (4096K), 4 survivors (4096K)
 Metaspace       used 102754K, committed 103680K, reserved 557056K
  class space    used 14231K, committed 14656K, reserved 425984K
}
Event: 18.657 GC heap before
{Heap before GC invocations=39 (full 0):
 garbage-first heap   total 176128K, used 149169K [0x0000000080000000, 0x0000000100000000)
  region size 1024K, 28 young (28672K), 4 survivors (4096K)
 Metaspace       used 102754K, committed 103680K, reserved 557056K
  class space    used 14231K, committed 14656K, reserved 425984K
}
Event: 18.659 GC heap after
{Heap after GC invocations=40 (full 0):
 garbage-first heap   total 176128K, used 126766K [0x0000000080000000, 0x0000000100000000)
  region size 1024K, 3 young (3072K), 3 survivors (3072K)
 Metaspace       used 102754K, committed 103680K, reserved 557056K
  class space    used 14231K, committed 14656K, reserved 425984K
}
Event: 18.715 GC heap before
{Heap before GC invocations=40 (full 0):
 garbage-first heap   total 176128K, used 149294K [0x0000000080000000, 0x0000000100000000)
  region size 1024K, 26 young (26624K), 3 survivors (3072K)
 Metaspace       used 102755K, committed 103680K, reserved 557056K
  class space    used 14231K, committed 14656K, reserved 425984K
}
Event: 18.717 GC heap after
{Heap after GC invocations=41 (full 0):
 garbage-first heap   total 176128K, used 127916K [0x0000000080000000, 0x0000000100000000)
  region size 1024K, 3 young (3072K), 3 survivors (3072K)
 Metaspace       used 102755K, committed 103680K, reserved 557056K
  class space    used 14231K, committed 14656K, reserved 425984K
}
Event: 18.769 GC heap before
{Heap before GC invocations=41 (full 0):
 garbage-first heap   total 176128K, used 148396K [0x0000000080000000, 0x0000000100000000)
  region size 1024K, 24 young (24576K), 3 survivors (3072K)
 Metaspace       used 102755K, committed 103680K, reserved 557056K
  class space    used 14231K, committed 14656K, reserved 425984K
}
Event: 18.771 GC heap after
{Heap after GC invocations=42 (full 0):
 garbage-first heap   total 176128K, used 129056K [0x0000000080000000, 0x0000000100000000)
  region size 1024K, 3 young (3072K), 3 survivors (3072K)
 Metaspace       used 102755K, committed 103680K, reserved 557056K
  class space    used 14231K, committed 14656K, reserved 425984K
}
Event: 18.853 GC heap before
{Heap before GC invocations=42 (full 0):
 garbage-first heap   total 176128K, used 148512K [0x0000000080000000, 0x0000000100000000)
  region size 1024K, 23 young (23552K), 3 survivors (3072K)
 Metaspace       used 102795K, committed 103744K, reserved 557056K
  class space    used 14236K, committed 14656K, reserved 425984K
}
Event: 18.855 GC heap after
{Heap after GC invocations=43 (full 0):
 garbage-first heap   total 243712K, used 130186K [0x0000000080000000, 0x0000000100000000)
  region size 1024K, 3 young (3072K), 3 survivors (3072K)
 Metaspace       used 102795K, committed 103744K, reserved 557056K
  class space    used 14236K, committed 14656K, reserved 425984K
}
Event: 19.732 GC heap before
{Heap before GC invocations=43 (full 0):
 garbage-first heap   total 243712K, used 206986K [0x0000000080000000, 0x0000000100000000)
  region size 1024K, 74 young (75776K), 3 survivors (3072K)
 Metaspace       used 104755K, committed 105728K, reserved 557056K
  class space    used 14540K, committed 14976K, reserved 425984K
}
Event: 19.741 GC heap after
{Heap after GC invocations=44 (full 0):
 garbage-first heap   total 243712K, used 147497K [0x0000000080000000, 0x0000000100000000)
  region size 1024K, 10 young (10240K), 10 survivors (10240K)
 Metaspace       used 104755K, committed 105728K, reserved 557056K
  class space    used 14540K, committed 14976K, reserved 425984K
}

