# JRE version: OpenJDK Runtime Environment Microsoft-8035246 (17.0.8+7) (build 17.0.8+7-LTS)
# Java VM: OpenJDK 64-Bit Server VM Microsoft-8035246 (17.0.8+7-LTS, mixed mode, sharing, tiered, compressed oops, compressed class ptrs, g1 gc, windows-amd64)
GC Precious Log:
 CPUs: 12 total, 12 available
 Memory: 32699M
 Large Page Support: Disabled
 NUMA Support: Disabled
 Compressed Oops: Enabled (32-bit)
 Heap Region Size: 1M
 Heap Min Capacity: 8M
 Heap Initial Capacity: 512M
 Heap Max Capacity: 2G
 Pre-touch: Disabled
 Parallel Workers: 10
 Concurrent Workers: 3
 Concurrent Refinement Workers: 10
 Periodic GC: Disabled
Heap:
 garbage-first heap   total 263168K, used 134063K [0x0000000080000000, 0x0000000100000000)
  region size 1024K, 11 young (11264K), 5 survivors (5120K)
 Metaspace       used 102565K, committed 103616K, reserved 557056K
  class space    used 14221K, committed 14720K, reserved 425984K
GC Heap History (20 events):
Event: 12.057 GC heap before
{Heap before GC invocations=37 (full 0):
 garbage-first heap   total 263168K, used 199986K [0x0000000080000000, 0x0000000100000000)
  region size 1024K, 110 young (112640K), 2 survivors (2048K)
 Metaspace       used 77722K, committed 78592K, reserved 557056K
  class space    used 10865K, committed 11264K, reserved 425984K
}
Event: 12.060 GC heap after
{Heap after GC invocations=38 (full 0):
 garbage-first heap   total 263168K, used 95699K [0x0000000080000000, 0x0000000100000000)
  region size 1024K, 7 young (7168K), 7 survivors (7168K)
 Metaspace       used 77722K, committed 78592K, reserved 557056K
  class space    used 10865K, committed 11264K, reserved 425984K
}
Event: 12.105 GC heap before
{Heap before GC invocations=38 (full 0):
 garbage-first heap   total 263168K, used 96723K [0x0000000080000000, 0x0000000100000000)
  region size 1024K, 10 young (10240K), 7 survivors (7168K)
 Metaspace       used 77724K, committed 78592K, reserved 557056K
  class space    used 10865K, committed 11264K, reserved 425984K
}
Event: 12.108 GC heap after
{Heap after GC invocations=39 (full 0):
 garbage-first heap   total 263168K, used 97482K [0x0000000080000000, 0x0000000100000000)
  region size 1024K, 9 young (9216K), 9 survivors (9216K)
 Metaspace       used 77724K, committed 78592K, reserved 557056K
  class space    used 10865K, committed 11264K, reserved 425984K
}
Event: 12.700 GC heap before
{Heap before GC invocations=40 (full 0):
 garbage-first heap   total 263168K, used 175306K [0x0000000080000000, 0x0000000100000000)
  region size 1024K, 81 young (82944K), 9 survivors (9216K)
 Metaspace       used 83412K, committed 84288K, reserved 557056K
  class space    used 11459K, committed 11840K, reserved 425984K
}
Event: 12.703 GC heap after
{Heap after GC invocations=41 (full 0):
 garbage-first heap   total 263168K, used 104763K [0x0000000080000000, 0x0000000100000000)
  region size 1024K, 7 young (7168K), 7 survivors (7168K)
 Metaspace       used 83412K, committed 84288K, reserved 557056K
  class space    used 11459K, committed 11840K, reserved 425984K
}
Event: 12.747 GC heap before
{Heap before GC invocations=41 (full 0):
 garbage-first heap   total 263168K, used 109883K [0x0000000080000000, 0x0000000100000000)
  region size 1024K, 12 young (12288K), 7 survivors (7168K)
 Metaspace       used 83762K, committed 84672K, reserved 557056K
  class space    used 11509K, committed 11904K, reserved 425984K
}
Event: 12.749 GC heap after
{Heap after GC invocations=42 (full 0):
 garbage-first heap   total 263168K, used 103258K [0x0000000080000000, 0x0000000100000000)
  region size 1024K, 1 young (1024K), 1 survivors (1024K)
 Metaspace       used 83762K, committed 84672K, reserved 557056K
  class space    used 11509K, committed 11904K, reserved 425984K
}
Event: 13.279 GC heap before
{Heap before GC invocations=42 (full 0):
 garbage-first heap   total 263168K, used 186202K [0x0000000080000000, 0x0000000100000000)
  region size 1024K, 77 young (78848K), 1 survivors (1024K)
 Metaspace       used 88014K, committed 88896K, reserved 557056K
  class space    used 12065K, committed 12480K, reserved 425984K
}
Event: 13.281 GC heap after
{Heap after GC invocations=43 (full 0):
 garbage-first heap   total 263168K, used 109818K [0x0000000080000000, 0x0000000100000000)
  region size 1024K, 7 young (7168K), 7 survivors (7168K)
 Metaspace       used 88014K, committed 88896K, reserved 557056K
  class space    used 12065K, committed 12480K, reserved 425984K
}
Event: 13.785 GC heap before
{Heap before GC invocations=43 (full 0):
 garbage-first heap   total 263168K, used 190714K [0x0000000080000000, 0x0000000100000000)
  region size 1024K, 84 young (86016K), 7 survivors (7168K)
 Metaspace       used 91717K, committed 92672K, reserved 557056K
  class space    used 12608K, committed 13056K, reserved 425984K
}
Event: 13.789 GC heap after
{Heap after GC invocations=44 (full 0):
 garbage-first heap   total 263168K, used 116115K [0x0000000080000000, 0x0000000100000000)
  region size 1024K, 5 young (5120K), 5 survivors (5120K)
 Metaspace       used 91717K, committed 92672K, reserved 557056K
  class space    used 12608K, committed 13056K, reserved 425984K
}
Event: 14.250 GC heap before
{Heap before GC invocations=44 (full 0):
 garbage-first heap   total 263168K, used 178579K [0x0000000080000000, 0x0000000100000000)
  region size 1024K, 67 young (68608K), 5 survivors (5120K)
 Metaspace       used 94874K, committed 95808K, reserved 557056K
  class space    used 13028K, committed 13440K, reserved 425984K
}
Event: 14.254 GC heap after
{Heap after GC invocations=45 (full 0):
 garbage-first heap   total 263168K, used 118917K [0x0000000080000000, 0x0000000100000000)
  region size 1024K, 7 young (7168K), 7 survivors (7168K)
 Metaspace       used 94874K, committed 95808K, reserved 557056K
  class space    used 13028K, committed 13440K, reserved 425984K
}
Event: 14.923 GC heap before
{Heap before GC invocations=46 (full 0):
 garbage-first heap   total 263168K, used 202885K [0x0000000080000000, 0x0000000100000000)
  region size 1024K, 88 young (90112K), 7 survivors (7168K)
 Metaspace       used 99877K, committed 100864K, reserved 557056K
  class space    used 13867K, committed 14336K, reserved 425984K
}
Event: 14.927 GC heap after
{Heap after GC invocations=47 (full 0):
 garbage-first heap   total 263168K, used 121015K [0x0000000080000000, 0x0000000100000000)
  region size 1024K, 6 young (6144K), 6 survivors (6144K)
 Metaspace       used 99877K, committed 100864K, reserved 557056K
  class space    used 13867K, committed 14336K, reserved 425984K
}
Event: 14.970 GC heap before
{Heap before GC invocations=47 (full 0):
 garbage-first heap   total 263168K, used 127159K [0x0000000080000000, 0x0000000100000000)
  region size 1024K, 12 young (12288K), 6 survivors (6144K)
 Metaspace       used 100285K, committed 101312K, reserved 557056K
  class space    used 13921K, committed 14400K, reserved 425984K
}
Event: 14.974 GC heap after
{Heap after GC invocations=48 (full 0):
 garbage-first heap   total 263168K, used 120166K [0x0000000080000000, 0x0000000100000000)
  region size 1024K, 1 young (1024K), 1 survivors (1024K)
 Metaspace       used 100285K, committed 101312K, reserved 557056K
  class space    used 13921K, committed 14400K, reserved 425984K
}
Event: 15.523 GC heap before
{Heap before GC invocations=48 (full 0):
 garbage-first heap   total 263168K, used 206182K [0x0000000080000000, 0x0000000100000000)
  region size 1024K, 86 young (88064K), 1 survivors (1024K)
 Metaspace       used 102560K, committed 103616K, reserved 557056K
  class space    used 14221K, committed 14720K, reserved 425984K
}
Event: 15.527 GC heap after
{Heap after GC invocations=49 (full 0):
 garbage-first heap   total 263168K, used 126246K [0x0000000080000000, 0x0000000100000000)
  region size 1024K, 7 young (7168K), 7 survivors (7168K)
 Metaspace       used 102560K, committed 103616K, reserved 557056K
  class space    used 14221K, committed 14720K, reserved 425984K
}

